##################################################
2013-11-21.16:47:34

Lecture du fichier ressources/ressources.toc

Extension inconnue : fond.jpg

Chargement des images :
    Chargement de Interface/Bouton/bouton.png ...
    Interface/Bouton/bouton.png chargée !
    Chargement de Interface/Bouton/bouton_dessus.png ...
    Interface/Bouton/bouton_dessus.png chargée !
    Chargement de Interface/Bouton/bouton_clic.png ...
    Interface/Bouton/bouton_clic.png chargée !

Chargement des polices :
    Chargement de grand9k.ttf ...
    grand9k.ttf chargée !

Chargement des sons :
    Chargement de menuclick.wav ...
    menuclick.wav chargé !
    Chargement de menuhit.wav ...
    menuhit.wav chargé !

Chargement des musiques :
    Chargement de Clearness.ogg ...
    Clearness.ogg chargée !

Recherche de : fond.jpg
    fond.jpg chargée !
Recherche de : Interface/Bouton/bouton.png
Recherche de : Interface/Bouton/bouton_dessus.png
Recherche de : Interface/Bouton/bouton_clic.png
Recherche de : grand9k.ttf
Recherche de : Interface/Bouton/bouton.png
Recherche de : Interface/Bouton/bouton_dessus.png
Recherche de : Interface/Bouton/bouton_clic.png
Recherche de : grand9k.ttf
Recherche de : Interface/Bouton/bouton.png
Recherche de : Interface/Bouton/bouton_dessus.png
Recherche de : Interface/Bouton/bouton_clic.png
Recherche de : grand9k.ttf
Recherche de : Interface/Bouton/bouton.png
Recherche de : Interface/Bouton/bouton_dessus.png
Recherche de : Interface/Bouton/bouton_clic.png
Recherche de : grand9k.ttf
Recherche de : Interface/Bouton/bouton.png
Recherche de : Interface/Bouton/bouton_dessus.png
Recherche de : Interface/Bouton/bouton_clic.png
Recherche de : grand9k.ttf
Recherche de : Clearness.ogg
Recherche de : fond.jpg
Recherche de : Interface/Bouton/bouton.png
Recherche de : Interface/Bouton/bouton_dessus.png
Recherche de : Interface/Bouton/bouton_clic.png
Recherche de : grand9k.ttf
Recherche de : fond.jpg
Recherche de : Interface/Bouton/bouton.png
Recherche de : Interface/Bouton/bouton_dessus.png
Recherche de : Interface/Bouton/bouton_clic.png
Recherche de : grand9k.ttf
Recherche de : grand9k.ttf
Recherche de : Vaisseaux/sprite_bombardier_1.png
    Vaisseaux/sprite_bombardier_1.png chargée !
Recherche de : Vaisseaux/sprite_bombardier_1.png
Recherche de : Vaisseaux/sprite_bombardier_1.png
Recherche de : Vaisseaux/sprite_bombardier_1.png
Recherche de : Vaisseaux/sprite_bombardier_1.png
Recherche de : Vaisseaux/sprite_bombardier_1.png
Recherche de : Vaisseaux/sprite_bombardier_1.png
Recherche de : Vaisseaux/sprite_bombardier_1.png
Recherche de : Vaisseaux/sprite_bombardier_1.png
Recherche de : Vaisseaux/sprite_bombardier_1.png
Recherche de : Vaisseaux/sprite_bombardier_1.png
Recherche de : Vaisseaux/sprite_bombardier_1.png
Recherche de : Vaisseaux/sprite_bombardier_1.png
Recherche de : Vaisseaux/sprite_bombardier_1.png
Recherche de : Vaisseaux/sprite_bombardier_1.png
Recherche de : Vaisseaux/sprite_bombardier_1.png
Recherche de : Vaisseaux/sprite_bombardier_1.png
Recherche de : Vaisseaux/sprite_bombardier_1.png
Recherche de : Vaisseaux/sprite_bombardier_1.png
Recherche de : Vaisseaux/sprite_bombardier_1.png
Recherche de : Vaisseaux/sprite_bombardier_1.png
Recherche de : Vaisseaux/sprite_bombardier_1.png
Recherche de : Vaisseaux/sprite_bombardier_1.png
Recherche de : Vaisseaux/sprite_bombardier_1.png
Recherche de : Vaisseaux/sprite_bombardier_1.png
Recherche de : Vaisseaux/sprite_bombardier_1.png
Recherche de : Vaisseaux/sprite_bombardier_1.png
Recherche de : Vaisseaux/sprite_bombardier_1.png
Recherche de : Vaisseaux/sprite_bombardier_1.png
Recherche de : Vaisseaux/sprite_bombardier_1.png
Recherche de : Vaisseaux/sprite_bombardier_1.png
Recherche de : Vaisseaux/sprite_bombardier_1.png
Recherche de : Vaisseaux/sprite_bombardier_1.png
Recherche de : Vaisseaux/sprite_bombardier_1.png
Recherche de : Vaisseaux/sprite_bombardier_1.png
Recherche de : Vaisseaux/sprite_bombardier_1.png
Recherche de : Vaisseaux/sprite_bombardier_1.png
Recherche de : Vaisseaux/sprite_bombardier_1.png
Recherche de : Vaisseaux/sprite_bombardier_1.png
Recherche de : Vaisseaux/sprite_bombardier_1.png
Recherche de : Vaisseaux/sprite_bombardier_1.png
Recherche de : Vaisseaux/sprite_bombardier_1.png
Recherche de : Vaisseaux/sprite_bombardier_1.png
Recherche de : Vaisseaux/sprite_bombardier_1.png
Recherche de : Vaisseaux/sprite_bombardier_1.png
Recherche de : Vaisseaux/sprite_bombardier_1.png
Recherche de : Vaisseaux/sprite_bombardier_1.png
Recherche de : Vaisseaux/sprite_bombardier_1.png
Recherche de : Vaisseaux/sprite_bombardier_1.png
Recherche de : Vaisseaux/sprite_bombardier_1.png
Recherche de : Vaisseaux/sprite_bombardier_1.png
Recherche de : Vaisseaux/sprite_bombardier_1.png
Recherche de : Vaisseaux/sprite_bombardier_1.png
Recherche de : Vaisseaux/sprite_bombardier_1.png
Recherche de : Vaisseaux/sprite_bombardier_1.png
Recherche de : Vaisseaux/sprite_bombardier_1.png
Recherche de : Vaisseaux/sprite_bombardier_1.png
Recherche de : Vaisseaux/sprite_bombardier_1.png
Recherche de : Vaisseaux/sprite_bombardier_1.png
Recherche de : Vaisseaux/sprite_bombardier_1.png
Recherche de : Vaisseaux/sprite_bombardier_1.png
Recherche de : Vaisseaux/sprite_bombardier_1.png
Recherche de : Vaisseaux/sprite_bombardier_1.png
Recherche de : Vaisseaux/sprite_bombardier_1.png
Recherche de : Vaisseaux/sprite_bombardier_1.png
Recherche de : Vaisseaux/sprite_bombardier_1.png
Recherche de : Vaisseaux/sprite_bombardier_1.png
##################################################
2013-11-21.16:47:43

Lecture du fichier ressources/ressources.toc

Extension inconnue : fond.jpg

Chargement des images :
    Chargement de Interface/Bouton/bouton.png ...
    Interface/Bouton/bouton.png chargée !
    Chargement de Interface/Bouton/bouton_dessus.png ...
    Interface/Bouton/bouton_dessus.png chargée !
    Chargement de Interface/Bouton/bouton_clic.png ...
    Interface/Bouton/bouton_clic.png chargée !

Chargement des polices :
    Chargement de grand9k.ttf ...
    grand9k.ttf chargée !

Chargement des sons :
    Chargement de menuclick.wav ...
    menuclick.wav chargé !
    Chargement de menuhit.wav ...
    menuhit.wav chargé !

Chargement des musiques :
    Chargement de Clearness.ogg ...
    Clearness.ogg chargée !

Recherche de : fond.jpg
    fond.jpg chargée !
Recherche de : Interface/Bouton/bouton.png
Recherche de : Interface/Bouton/bouton_dessus.png
Recherche de : Interface/Bouton/bouton_clic.png
Recherche de : grand9k.ttf
Recherche de : Interface/Bouton/bouton.png
Recherche de : Interface/Bouton/bouton_dessus.png
Recherche de : Interface/Bouton/bouton_clic.png
Recherche de : grand9k.ttf
Recherche de : Interface/Bouton/bouton.png
Recherche de : Interface/Bouton/bouton_dessus.png
Recherche de : Interface/Bouton/bouton_clic.png
Recherche de : grand9k.ttf
Recherche de : Interface/Bouton/bouton.png
Recherche de : Interface/Bouton/bouton_dessus.png
Recherche de : Interface/Bouton/bouton_clic.png
Recherche de : grand9k.ttf
Recherche de : Interface/Bouton/bouton.png
Recherche de : Interface/Bouton/bouton_dessus.png
Recherche de : Interface/Bouton/bouton_clic.png
Recherche de : grand9k.ttf
Recherche de : Clearness.ogg
##################################################
2013-11-21.17:04:09

Lecture du fichier ressources/ressources.toc

Extension inconnue : fond.jpg

Chargement des images :
    Chargement de Interface/Bouton/bouton.png ...
    Interface/Bouton/bouton.png chargée !
    Chargement de Interface/Bouton/bouton_dessus.png ...
    Interface/Bouton/bouton_dessus.png chargée !
    Chargement de Interface/Bouton/bouton_clic.png ...
    Interface/Bouton/bouton_clic.png chargée !

Chargement des polices :
    Chargement de grand9k.ttf ...
    grand9k.ttf chargée !

Chargement des sons :
    Chargement de menuclick.wav ...
    menuclick.wav chargé !
    Chargement de menuhit.wav ...
    menuhit.wav chargé !

Chargement des musiques :
    Chargement de Clearness.ogg ...
    Clearness.ogg chargée !

Recherche de : fond.jpg
    fond.jpg chargée !
Recherche de : Interface/Bouton/bouton.png
Recherche de : Interface/Bouton/bouton_dessus.png
Recherche de : Interface/Bouton/bouton_clic.png
Recherche de : grand9k.ttf
Recherche de : Interface/Bouton/bouton.png
Recherche de : Interface/Bouton/bouton_dessus.png
Recherche de : Interface/Bouton/bouton_clic.png
Recherche de : grand9k.ttf
Recherche de : Interface/Bouton/bouton.png
Recherche de : Interface/Bouton/bouton_dessus.png
Recherche de : Interface/Bouton/bouton_clic.png
Recherche de : grand9k.ttf
Recherche de : Interface/Bouton/bouton.png
Recherche de : Interface/Bouton/bouton_dessus.png
Recherche de : Interface/Bouton/bouton_clic.png
Recherche de : grand9k.ttf
Recherche de : Interface/Bouton/bouton.png
Recherche de : Interface/Bouton/bouton_dessus.png
Recherche de : Interface/Bouton/bouton_clic.png
Recherche de : grand9k.ttf
Recherche de : Clearness.ogg
Recherche de : fond.jpg
Recherche de : Interface/Bouton/bouton.png
Recherche de : Interface/Bouton/bouton_dessus.png
Recherche de : Interface/Bouton/bouton_clic.png
Recherche de : grand9k.ttf
Recherche de : Interface/Bouton/bouton.png
Recherche de : Interface/Bouton/bouton_dessus.png
Recherche de : Interface/Bouton/bouton_clic.png
Recherche de : grand9k.ttf
Recherche de : Interface/Bouton/bouton.png
Recherche de : Interface/Bouton/bouton_dessus.png
Recherche de : Interface/Bouton/bouton_clic.png
Recherche de : grand9k.ttf
Recherche de : Interface/Bouton/bouton.png
Recherche de : Interface/Bouton/bouton_dessus.png
Recherche de : Interface/Bouton/bouton_clic.png
Recherche de : grand9k.ttf
Recherche de : Interface/Bouton/bouton.png
Recherche de : Interface/Bouton/bouton_dessus.png
Recherche de : Interface/Bouton/bouton_clic.png
Recherche de : grand9k.ttf
Recherche de : Clearness.ogg
Recherche de : fond.jpg
Recherche de : Interface/Bouton/bouton.png
Recherche de : Interface/Bouton/bouton_dessus.png
Recherche de : Interface/Bouton/bouton_clic.png
Recherche de : grand9k.ttf
Recherche de : Interface/Bouton/bouton.png
Recherche de : Interface/Bouton/bouton_dessus.png
Recherche de : Interface/Bouton/bouton_clic.png
Recherche de : grand9k.ttf
Recherche de : Interface/Bouton/bouton.png
Recherche de : Interface/Bouton/bouton_dessus.png
Recherche de : Interface/Bouton/bouton_clic.png
Recherche de : grand9k.ttf
Recherche de : Interface/Bouton/bouton.png
Recherche de : Interface/Bouton/bouton_dessus.png
Recherche de : Interface/Bouton/bouton_clic.png
Recherche de : grand9k.ttf
Recherche de : Interface/Bouton/bouton.png
Recherche de : Interface/Bouton/bouton_dessus.png
Recherche de : Interface/Bouton/bouton_clic.png
Recherche de : grand9k.ttf
Recherche de : Clearness.ogg
Recherche de : fond.jpg
Recherche de : Interface/Bouton/bouton.png
Recherche de : Interface/Bouton/bouton_dessus.png
Recherche de : Interface/Bouton/bouton_clic.png
Recherche de : grand9k.ttf
Recherche de : Interface/Bouton/bouton.png
Recherche de : Interface/Bouton/bouton_dessus.png
Recherche de : Interface/Bouton/bouton_clic.png
Recherche de : grand9k.ttf
Recherche de : Interface/Bouton/bouton.png
Recherche de : Interface/Bouton/bouton_dessus.png
Recherche de : Interface/Bouton/bouton_clic.png
Recherche de : grand9k.ttf
Recherche de : Interface/Bouton/bouton.png
Recherche de : Interface/Bouton/bouton_dessus.png
Recherche de : Interface/Bouton/bouton_clic.png
Recherche de : grand9k.ttf
Recherche de : Interface/Bouton/bouton.png
Recherche de : Interface/Bouton/bouton_dessus.png
Recherche de : Interface/Bouton/bouton_clic.png
Recherche de : grand9k.ttf
Recherche de : Clearness.ogg
Recherche de : fond.jpg
Recherche de : Interface/Bouton/bouton.png
Recherche de : Interface/Bouton/bouton_dessus.png
Recherche de : Interface/Bouton/bouton_clic.png
Recherche de : grand9k.ttf
Recherche de : Interface/Bouton/bouton.png
Recherche de : Interface/Bouton/bouton_dessus.png
Recherche de : Interface/Bouton/bouton_clic.png
Recherche de : grand9k.ttf
Recherche de : Interface/Bouton/bouton.png
Recherche de : Interface/Bouton/bouton_dessus.png
Recherche de : Interface/Bouton/bouton_clic.png
Recherche de : grand9k.ttf
Recherche de : Interface/Bouton/bouton.png
Recherche de : Interface/Bouton/bouton_dessus.png
Recherche de : Interface/Bouton/bouton_clic.png
Recherche de : grand9k.ttf
Recherche de : Interface/Bouton/bouton.png
Recherche de : Interface/Bouton/bouton_dessus.png
Recherche de : Interface/Bouton/bouton_clic.png
Recherche de : grand9k.ttf
Recherche de : Clearness.ogg
Recherche de : fond.jpg
Recherche de : Interface/Bouton/bouton.png
Recherche de : Interface/Bouton/bouton_dessus.png
Recherche de : Interface/Bouton/bouton_clic.png
Recherche de : grand9k.ttf
Recherche de : Interface/Bouton/bouton.png
Recherche de : Interface/Bouton/bouton_dessus.png
Recherche de : Interface/Bouton/bouton_clic.png
Recherche de : grand9k.ttf
Recherche de : Interface/Bouton/bouton.png
Recherche de : Interface/Bouton/bouton_dessus.png
Recherche de : Interface/Bouton/bouton_clic.png
Recherche de : grand9k.ttf
Recherche de : Interface/Bouton/bouton.png
Recherche de : Interface/Bouton/bouton_dessus.png
Recherche de : Interface/Bouton/bouton_clic.png
Recherche de : grand9k.ttf
Recherche de : Interface/Bouton/bouton.png
Recherche de : Interface/Bouton/bouton_dessus.png
Recherche de : Interface/Bouton/bouton_clic.png
Recherche de : grand9k.ttf
Recherche de : Clearness.ogg
Recherche de : fond.jpg
Recherche de : Interface/Bouton/bouton.png
Recherche de : Interface/Bouton/bouton_dessus.png
Recherche de : Interface/Bouton/bouton_clic.png
Recherche de : grand9k.ttf
Recherche de : Interface/Bouton/bouton.png
Recherche de : Interface/Bouton/bouton_dessus.png
Recherche de : Interface/Bouton/bouton_clic.png
Recherche de : grand9k.ttf
Recherche de : Interface/Bouton/bouton.png
Recherche de : Interface/Bouton/bouton_dessus.png
Recherche de : Interface/Bouton/bouton_clic.png
Recherche de : grand9k.ttf
Recherche de : Interface/Bouton/bouton.png
Recherche de : Interface/Bouton/bouton_dessus.png
Recherche de : Interface/Bouton/bouton_clic.png
Recherche de : grand9k.ttf
Recherche de : Interface/Bouton/bouton.png
Recherche de : Interface/Bouton/bouton_dessus.png
Recherche de : Interface/Bouton/bouton_clic.png
Recherche de : grand9k.ttf
Recherche de : Clearness.ogg
##################################################
2013-11-21.17:10:55

Lecture du fichier ressources/ressources.toc

Extension inconnue : fond.jpg

Chargement des images :
    Chargement de Interface/Bouton/bouton.png ...
    Interface/Bouton/bouton.png chargée !
    Chargement de Interface/Bouton/bouton_dessus.png ...
    Interface/Bouton/bouton_dessus.png chargée !
    Chargement de Interface/Bouton/bouton_clic.png ...
    Interface/Bouton/bouton_clic.png chargée !

Chargement des polices :
    Chargement de grand9k.ttf ...
    grand9k.ttf chargée !

Chargement des sons :
    Chargement de menuclick.wav ...
    menuclick.wav chargé !
    Chargement de menuhit.wav ...
    menuhit.wav chargé !

Chargement des musiques :
    Chargement de Clearness.ogg ...
    Clearness.ogg chargée !

Recherche de : fond.jpg
    fond.jpg chargée !
Recherche de : Interface/Bouton/bouton.png
Recherche de : Interface/Bouton/bouton_dessus.png
Recherche de : Interface/Bouton/bouton_clic.png
Recherche de : grand9k.ttf
Recherche de : Interface/Bouton/bouton.png
Recherche de : Interface/Bouton/bouton_dessus.png
Recherche de : Interface/Bouton/bouton_clic.png
Recherche de : grand9k.ttf
Recherche de : Interface/Bouton/bouton.png
Recherche de : Interface/Bouton/bouton_dessus.png
Recherche de : Interface/Bouton/bouton_clic.png
Recherche de : grand9k.ttf
Recherche de : Interface/Bouton/bouton.png
Recherche de : Interface/Bouton/bouton_dessus.png
Recherche de : Interface/Bouton/bouton_clic.png
Recherche de : grand9k.ttf
Recherche de : Interface/Bouton/bouton.png
Recherche de : Interface/Bouton/bouton_dessus.png
Recherche de : Interface/Bouton/bouton_clic.png
Recherche de : grand9k.ttf
Recherche de : Clearness.ogg
Recherche de : fond.jpg
Recherche de : Interface/Bouton/bouton.png
Recherche de : Interface/Bouton/bouton_dessus.png
Recherche de : Interface/Bouton/bouton_clic.png
Recherche de : grand9k.ttf
Recherche de : fond.jpg
Recherche de : Interface/Bouton/bouton.png
Recherche de : Interface/Bouton/bouton_dessus.png
Recherche de : Interface/Bouton/bouton_clic.png
Recherche de : grand9k.ttf
Recherche de : Interface/Bouton/bouton.png
Recherche de : Interface/Bouton/bouton_dessus.png
Recherche de : Interface/Bouton/bouton_clic.png
Recherche de : grand9k.ttf
Recherche de : Interface/Bouton/bouton.png
Recherche de : Interface/Bouton/bouton_dessus.png
Recherche de : Interface/Bouton/bouton_clic.png
Recherche de : grand9k.ttf
Recherche de : Interface/Bouton/bouton.png
Recherche de : Interface/Bouton/bouton_dessus.png
Recherche de : Interface/Bouton/bouton_clic.png
Recherche de : grand9k.ttf
Recherche de : Interface/Bouton/bouton.png
Recherche de : Interface/Bouton/bouton_dessus.png
Recherche de : Interface/Bouton/bouton_clic.png
Recherche de : grand9k.ttf
Recherche de : Clearness.ogg
Recherche de : fond.jpg
Recherche de : Interface/Bouton/bouton.png
Recherche de : Interface/Bouton/bouton_dessus.png
Recherche de : Interface/Bouton/bouton_clic.png
Recherche de : grand9k.ttf
Recherche de : fond.jpg
Recherche de : Interface/Bouton/bouton.png
Recherche de : Interface/Bouton/bouton_dessus.png
Recherche de : Interface/Bouton/bouton_clic.png
Recherche de : grand9k.ttf
Recherche de : Interface/Bouton/bouton.png
Recherche de : Interface/Bouton/bouton_dessus.png
Recherche de : Interface/Bouton/bouton_clic.png
Recherche de : grand9k.ttf
Recherche de : Interface/Bouton/bouton.png
Recherche de : Interface/Bouton/bouton_dessus.png
Recherche de : Interface/Bouton/bouton_clic.png
Recherche de : grand9k.ttf
Recherche de : Interface/Bouton/bouton.png
Recherche de : Interface/Bouton/bouton_dessus.png
Recherche de : Interface/Bouton/bouton_clic.png
Recherche de : grand9k.ttf
Recherche de : Interface/Bouton/bouton.png
Recherche de : Interface/Bouton/bouton_dessus.png
Recherche de : Interface/Bouton/bouton_clic.png
Recherche de : grand9k.ttf
Recherche de : Clearness.ogg
Recherche de : fond.jpg
Recherche de : Interface/Bouton/bouton.png
Recherche de : Interface/Bouton/bouton_dessus.png
Recherche de : Interface/Bouton/bouton_clic.png
Recherche de : grand9k.ttf
Recherche de : fond.jpg
Recherche de : Interface/Bouton/bouton.png
Recherche de : Interface/Bouton/bouton_dessus.png
Recherche de : Interface/Bouton/bouton_clic.png
Recherche de : grand9k.ttf
Recherche de : Interface/Bouton/bouton.png
Recherche de : Interface/Bouton/bouton_dessus.png
Recherche de : Interface/Bouton/bouton_clic.png
Recherche de : grand9k.ttf
Recherche de : Interface/Bouton/bouton.png
Recherche de : Interface/Bouton/bouton_dessus.png
Recherche de : Interface/Bouton/bouton_clic.png
Recherche de : grand9k.ttf
Recherche de : Interface/Bouton/bouton.png
Recherche de : Interface/Bouton/bouton_dessus.png
Recherche de : Interface/Bouton/bouton_clic.png
Recherche de : grand9k.ttf
Recherche de : Interface/Bouton/bouton.png
Recherche de : Interface/Bouton/bouton_dessus.png
Recherche de : Interface/Bouton/bouton_clic.png
Recherche de : grand9k.ttf
Recherche de : Clearness.ogg
Recherche de : fond.jpg
Recherche de : Interface/Bouton/bouton.png
Recherche de : Interface/Bouton/bouton_dessus.png
Recherche de : Interface/Bouton/bouton_clic.png
Recherche de : grand9k.ttf
Recherche de : fond.jpg
Recherche de : Interface/Bouton/bouton.png
Recherche de : Interface/Bouton/bouton_dessus.png
Recherche de : Interface/Bouton/bouton_clic.png
Recherche de : grand9k.ttf
Recherche de : Interface/Bouton/bouton.png
Recherche de : Interface/Bouton/bouton_dessus.png
Recherche de : Interface/Bouton/bouton_clic.png
Recherche de : grand9k.ttf
Recherche de : Interface/Bouton/bouton.png
Recherche de : Interface/Bouton/bouton_dessus.png
Recherche de : Interface/Bouton/bouton_clic.png
Recherche de : grand9k.ttf
Recherche de : Interface/Bouton/bouton.png
Recherche de : Interface/Bouton/bouton_dessus.png
Recherche de : Interface/Bouton/bouton_clic.png
Recherche de : grand9k.ttf
Recherche de : Interface/Bouton/bouton.png
Recherche de : Interface/Bouton/bouton_dessus.png
Recherche de : Interface/Bouton/bouton_clic.png
Recherche de : grand9k.ttf
Recherche de : Clearness.ogg
Recherche de : fond.jpg
Recherche de : Interface/Bouton/bouton.png
Recherche de : Interface/Bouton/bouton_dessus.png
Recherche de : Interface/Bouton/bouton_clic.png
Recherche de : grand9k.ttf
Recherche de : fond.jpg
Recherche de : Interface/Bouton/bouton.png
Recherche de : Interface/Bouton/bouton_dessus.png
Recherche de : Interface/Bouton/bouton_clic.png
Recherche de : grand9k.ttf
Recherche de : Interface/Bouton/bouton.png
Recherche de : Interface/Bouton/bouton_dessus.png
Recherche de : Interface/Bouton/bouton_clic.png
Recherche de : grand9k.ttf
Recherche de : Interface/Bouton/bouton.png
Recherche de : Interface/Bouton/bouton_dessus.png
Recherche de : Interface/Bouton/bouton_clic.png
Recherche de : grand9k.ttf
Recherche de : Interface/Bouton/bouton.png
Recherche de : Interface/Bouton/bouton_dessus.png
Recherche de : Interface/Bouton/bouton_clic.png
Recherche de : grand9k.ttf
Recherche de : Interface/Bouton/bouton.png
Recherche de : Interface/Bouton/bouton_dessus.png
Recherche de : Interface/Bouton/bouton_clic.png
Recherche de : grand9k.ttf
Recherche de : Clearness.ogg
Recherche de : fond.jpg
Recherche de : Interface/Bouton/bouton.png
Recherche de : Interface/Bouton/bouton_dessus.png
Recherche de : Interface/Bouton/bouton_clic.png
Recherche de : grand9k.ttf
Recherche de : fond.jpg
Recherche de : Interface/Bouton/bouton.png
Recherche de : Interface/Bouton/bouton_dessus.png
Recherche de : Interface/Bouton/bouton_clic.png
Recherche de : grand9k.ttf
Recherche de : Interface/Bouton/bouton.png
Recherche de : Interface/Bouton/bouton_dessus.png
Recherche de : Interface/Bouton/bouton_clic.png
Recherche de : grand9k.ttf
Recherche de : Interface/Bouton/bouton.png
Recherche de : Interface/Bouton/bouton_dessus.png
Recherche de : Interface/Bouton/bouton_clic.png
Recherche de : grand9k.ttf
Recherche de : Interface/Bouton/bouton.png
Recherche de : Interface/Bouton/bouton_dessus.png
Recherche de : Interface/Bouton/bouton_clic.png
Recherche de : grand9k.ttf
Recherche de : Interface/Bouton/bouton.png
Recherche de : Interface/Bouton/bouton_dessus.png
Recherche de : Interface/Bouton/bouton_clic.png
Recherche de : grand9k.ttf
Recherche de : Clearness.ogg
Recherche de : fond.jpg
Recherche de : Interface/Bouton/bouton.png
Recherche de : Interface/Bouton/bouton_dessus.png
Recherche de : Interface/Bouton/bouton_clic.png
Recherche de : grand9k.ttf
Recherche de : fond.jpg
Recherche de : Interface/Bouton/bouton.png
Recherche de : Interface/Bouton/bouton_dessus.png
Recherche de : Interface/Bouton/bouton_clic.png
Recherche de : grand9k.ttf
Recherche de : Interface/Bouton/bouton.png
Recherche de : Interface/Bouton/bouton_dessus.png
Recherche de : Interface/Bouton/bouton_clic.png
Recherche de : grand9k.ttf
Recherche de : Interface/Bouton/bouton.png
Recherche de : Interface/Bouton/bouton_dessus.png
Recherche de : Interface/Bouton/bouton_clic.png
Recherche de : grand9k.ttf
Recherche de : Interface/Bouton/bouton.png
Recherche de : Interface/Bouton/bouton_dessus.png
Recherche de : Interface/Bouton/bouton_clic.png
Recherche de : grand9k.ttf
Recherche de : Interface/Bouton/bouton.png
Recherche de : Interface/Bouton/bouton_dessus.png
Recherche de : Interface/Bouton/bouton_clic.png
Recherche de : grand9k.ttf
Recherche de : Clearness.ogg
Recherche de : fond.jpg
Recherche de : Interface/Bouton/bouton.png
Recherche de : Interface/Bouton/bouton_dessus.png
Recherche de : Interface/Bouton/bouton_clic.png
Recherche de : grand9k.ttf
Recherche de : fond.jpg
Recherche de : Interface/Bouton/bouton.png
Recherche de : Interface/Bouton/bouton_dessus.png
Recherche de : Interface/Bouton/bouton_clic.png
Recherche de : grand9k.ttf
Recherche de : Interface/Bouton/bouton.png
Recherche de : Interface/Bouton/bouton_dessus.png
Recherche de : Interface/Bouton/bouton_clic.png
Recherche de : grand9k.ttf
Recherche de : Interface/Bouton/bouton.png
Recherche de : Interface/Bouton/bouton_dessus.png
Recherche de : Interface/Bouton/bouton_clic.png
Recherche de : grand9k.ttf
Recherche de : Interface/Bouton/bouton.png
Recherche de : Interface/Bouton/bouton_dessus.png
Recherche de : Interface/Bouton/bouton_clic.png
Recherche de : grand9k.ttf
Recherche de : Interface/Bouton/bouton.png
Recherche de : Interface/Bouton/bouton_dessus.png
Recherche de : Interface/Bouton/bouton_clic.png
Recherche de : grand9k.ttf
Recherche de : Clearness.ogg
Recherche de : fond.jpg
Recherche de : Interface/Bouton/bouton.png
Recherche de : Interface/Bouton/bouton_dessus.png
Recherche de : Interface/Bouton/bouton_clic.png
Recherche de : grand9k.ttf
Recherche de : fond.jpg
Recherche de : Interface/Bouton/bouton.png
Recherche de : Interface/Bouton/bouton_dessus.png
Recherche de : Interface/Bouton/bouton_clic.png
Recherche de : grand9k.ttf
Recherche de : Interface/Bouton/bouton.png
Recherche de : Interface/Bouton/bouton_dessus.png
Recherche de : Interface/Bouton/bouton_clic.png
Recherche de : grand9k.ttf
Recherche de : Interface/Bouton/bouton.png
Recherche de : Interface/Bouton/bouton_dessus.png
Recherche de : Interface/Bouton/bouton_clic.png
Recherche de : grand9k.ttf
Recherche de : Interface/Bouton/bouton.png
Recherche de : Interface/Bouton/bouton_dessus.png
Recherche de : Interface/Bouton/bouton_clic.png
Recherche de : grand9k.ttf
Recherche de : Interface/Bouton/bouton.png
Recherche de : Interface/Bouton/bouton_dessus.png
Recherche de : Interface/Bouton/bouton_clic.png
Recherche de : grand9k.ttf
Recherche de : Clearness.ogg
Recherche de : fond.jpg
Recherche de : Interface/Bouton/bouton.png
Recherche de : Interface/Bouton/bouton_dessus.png
Recherche de : Interface/Bouton/bouton_clic.png
Recherche de : grand9k.ttf
Recherche de : fond.jpg
Recherche de : Interface/Bouton/bouton.png
Recherche de : Interface/Bouton/bouton_dessus.png
Recherche de : Interface/Bouton/bouton_clic.png
Recherche de : grand9k.ttf
Recherche de : Interface/Bouton/bouton.png
Recherche de : Interface/Bouton/bouton_dessus.png
Recherche de : Interface/Bouton/bouton_clic.png
Recherche de : grand9k.ttf
Recherche de : Interface/Bouton/bouton.png
Recherche de : Interface/Bouton/bouton_dessus.png
Recherche de : Interface/Bouton/bouton_clic.png
Recherche de : grand9k.ttf
Recherche de : Interface/Bouton/bouton.png
Recherche de : Interface/Bouton/bouton_dessus.png
Recherche de : Interface/Bouton/bouton_clic.png
Recherche de : grand9k.ttf
Recherche de : Interface/Bouton/bouton.png
Recherche de : Interface/Bouton/bouton_dessus.png
Recherche de : Interface/Bouton/bouton_clic.png
Recherche de : grand9k.ttf
Recherche de : Clearness.ogg
Recherche de : fond.jpg
Recherche de : Interface/Bouton/bouton.png
Recherche de : Interface/Bouton/bouton_dessus.png
Recherche de : Interface/Bouton/bouton_clic.png
Recherche de : grand9k.ttf
Recherche de : fond.jpg
Recherche de : Interface/Bouton/bouton.png
Recherche de : Interface/Bouton/bouton_dessus.png
Recherche de : Interface/Bouton/bouton_clic.png
Recherche de : grand9k.ttf
Recherche de : Interface/Bouton/bouton.png
Recherche de : Interface/Bouton/bouton_dessus.png
Recherche de : Interface/Bouton/bouton_clic.png
Recherche de : grand9k.ttf
Recherche de : Interface/Bouton/bouton.png
Recherche de : Interface/Bouton/bouton_dessus.png
Recherche de : Interface/Bouton/bouton_clic.png
Recherche de : grand9k.ttf
Recherche de : Interface/Bouton/bouton.png
Recherche de : Interface/Bouton/bouton_dessus.png
Recherche de : Interface/Bouton/bouton_clic.png
Recherche de : grand9k.ttf
Recherche de : Interface/Bouton/bouton.png
Recherche de : Interface/Bouton/bouton_dessus.png
Recherche de : Interface/Bouton/bouton_clic.png
Recherche de : grand9k.ttf
Recherche de : Clearness.ogg
Recherche de : fond.jpg
Recherche de : Interface/Bouton/bouton.png
Recherche de : Interface/Bouton/bouton_dessus.png
Recherche de : Interface/Bouton/bouton_clic.png
Recherche de : grand9k.ttf
Recherche de : fond.jpg
Recherche de : Interface/Bouton/bouton.png
Recherche de : Interface/Bouton/bouton_dessus.png
Recherche de : Interface/Bouton/bouton_clic.png
Recherche de : grand9k.ttf
Recherche de : Interface/Bouton/bouton.png
Recherche de : Interface/Bouton/bouton_dessus.png
Recherche de : Interface/Bouton/bouton_clic.png
Recherche de : grand9k.ttf
Recherche de : Interface/Bouton/bouton.png
Recherche de : Interface/Bouton/bouton_dessus.png
Recherche de : Interface/Bouton/bouton_clic.png
Recherche de : grand9k.ttf
Recherche de : Interface/Bouton/bouton.png
Recherche de : Interface/Bouton/bouton_dessus.png
Recherche de : Interface/Bouton/bouton_clic.png
Recherche de : grand9k.ttf
Recherche de : Interface/Bouton/bouton.png
Recherche de : Interface/Bouton/bouton_dessus.png
Recherche de : Interface/Bouton/bouton_clic.png
Recherche de : grand9k.ttf
Recherche de : Clearness.ogg
Recherche de : fond.jpg
Recherche de : Interface/Bouton/bouton.png
Recherche de : Interface/Bouton/bouton_dessus.png
Recherche de : Interface/Bouton/bouton_clic.png
Recherche de : grand9k.ttf
Recherche de : fond.jpg
Recherche de : Interface/Bouton/bouton.png
Recherche de : Interface/Bouton/bouton_dessus.png
Recherche de : Interface/Bouton/bouton_clic.png
Recherche de : grand9k.ttf
Recherche de : Interface/Bouton/bouton.png
Recherche de : Interface/Bouton/bouton_dessus.png
Recherche de : Interface/Bouton/bouton_clic.png
Recherche de : grand9k.ttf
Recherche de : Interface/Bouton/bouton.png
Recherche de : Interface/Bouton/bouton_dessus.png
Recherche de : Interface/Bouton/bouton_clic.png
Recherche de : grand9k.ttf
Recherche de : Interface/Bouton/bouton.png
Recherche de : Interface/Bouton/bouton_dessus.png
Recherche de : Interface/Bouton/bouton_clic.png
Recherche de : grand9k.ttf
Recherche de : Interface/Bouton/bouton.png
Recherche de : Interface/Bouton/bouton_dessus.png
Recherche de : Interface/Bouton/bouton_clic.png
Recherche de : grand9k.ttf
Recherche de : Clearness.ogg
